<?xml version="1.0" encoding="UTF-8"?>
<!-- Generated by org.testng.reporters.JUnitXMLReporter -->
<testsuite ignored="2" hostname="LAPTOP-S9JVNPGK" failures="0" tests="1" name="Default test" time="10.472" errors="0" timestamp="2022-12-25T16:10:53 IST">
  <testcase classname="com.framework.testcase.loginpageTest" name="validatetitleTest" time="0.028"/>
  <testcase classname="com.framework.testcase.loginpageTest" name="validatemultipleuser" time="0.0">
    <ignored/>
  </testcase> <!-- validatemultipleuser -->
  <testcase classname="com.framework.testcase.loginpageTest" name="validateloginTest" time="0.0">
    <ignored/>
  </testcase> <!-- validateloginTest -->
</testsuite> <!-- Default test -->
