<?xml version="1.0" encoding="UTF-8"?>
<!-- Generated by org.testng.reporters.JUnitXMLReporter -->
<testsuite ignored="2" hostname="LAPTOP-S9JVNPGK" failures="0" tests="1" name="Default test" time="14.813" errors="0" timestamp="2022-12-23T19:30:44 IST">
  <testcase classname="com.framework.testcase.loginpageTest" name="validatetitleTest" time="0.031"/>
  <testcase classname="com.framework.testcase.loginpageTest" name="validateloginTest" time="0.0">
    <ignored/>
  </testcase> <!-- validateloginTest -->
  <testcase classname="com.framework.testcase.loginpageTest" name="validatemultipleuser" time="0.0">
    <ignored/>
  </testcase> <!-- validatemultipleuser -->
</testsuite> <!-- Default test -->
