<?xml version="1.0" encoding="UTF-8"?>
<testng-results ignored="2" total="3" passed="1" failed="0" skipped="0">
  <reporter-output>
  </reporter-output>
  <suite started-at="2022-12-25T16:10:42 IST" name="Default suite" finished-at="2022-12-25T16:10:53 IST" duration-ms="10472">
    <groups>
    </groups>
    <test started-at="2022-12-25T16:10:42 IST" name="Default test" finished-at="2022-12-25T16:10:53 IST" duration-ms="10472">
      <class name="com.framework.testcase.loginpageTest">
        <test-method is-config="true" signature="browsersetup()[pri:0, instance:com.framework.testcase.loginpageTest@5e0826e7]" started-at="2022-12-25T16:10:42 IST" name="browsersetup" finished-at="2022-12-25T16:10:53 IST" duration-ms="10202" status="PASS">
          <reporter-output>
          </reporter-output>
        </test-method> <!-- browsersetup -->
        <test-method signature="validatetitleTest()[pri:0, instance:com.framework.testcase.loginpageTest@5e0826e7]" started-at="2022-12-25T16:10:53 IST" name="validatetitleTest" finished-at="2022-12-25T16:10:53 IST" duration-ms="28" status="PASS">
          <reporter-output>
          </reporter-output>
        </test-method> <!-- validatetitleTest -->
        <test-method is-config="true" signature="closesetup()[pri:0, instance:com.framework.testcase.loginpageTest@5e0826e7]" started-at="2022-12-25T16:10:53 IST" name="closesetup" finished-at="2022-12-25T16:10:53 IST" duration-ms="195" status="PASS">
          <reporter-output>
          </reporter-output>
        </test-method> <!-- closesetup -->
      </class> <!-- com.framework.testcase.loginpageTest -->
    </test> <!-- Default test -->
  </suite> <!-- Default suite -->
</testng-results>
